cuda available: True
dataset exist
data load successfully!
[INFO]: Loading pre-trained weights
[INFO]: Fine-tuning all layers...
Epoch 1/30
Train Epoch Time: 323.7027 sec
Train Epoch GPU memory used: 2813.1983 MB
Train loss:1.6436
Val loss:2.2398
Epoch 2/30
Train Epoch Time: 134.7835 sec
Train Epoch GPU memory used: 2813.1983 MB
Train loss:1.3330
Val loss:1.4099
Epoch 3/30
Train Epoch Time: 132.8623 sec
Train Epoch GPU memory used: 2813.1983 MB
Train loss:1.1567
Val loss:1.7282
Epoch 4/30
Train Epoch Time: 130.8397 sec
Train Epoch GPU memory used: 2813.1983 MB
Train loss:1.0600
Val loss:1.4901
Epoch 5/30
Train Epoch Time: 130.6968 sec
Train Epoch GPU memory used: 2813.1983 MB
Train loss:0.9782
Val loss:0.9557
Epoch 6/30
Train Epoch Time: 130.5378 sec
Train Epoch GPU memory used: 2813.1983 MB
Train loss:0.8965
Val loss:1.1693
Epoch 7/30
Train Epoch Time: 130.4083 sec
Train Epoch GPU memory used: 2813.1983 MB
Train loss:0.8451
Val loss:0.9986
Epoch 8/30
Train Epoch Time: 130.5069 sec
Train Epoch GPU memory used: 2813.1983 MB
Train loss:0.7717
Val loss:1.3368
Epoch 9/30
Train Epoch Time: 130.7508 sec
Train Epoch GPU memory used: 2813.1983 MB
Train loss:0.7276
Val loss:0.9012
Epoch 10/30
Train Epoch Time: 131.8510 sec
Train Epoch GPU memory used: 2813.1983 MB
Train loss:0.6617
Val loss:0.6895
Epoch 11/30
Train Epoch Time: 130.5105 sec
Train Epoch GPU memory used: 2813.1983 MB
Train loss:0.6381
Val loss:0.7933
Epoch 12/30
Train Epoch Time: 130.5673 sec
Train Epoch GPU memory used: 2813.1983 MB
Train loss:0.5853
Val loss:0.5822
Epoch 13/30
Train Epoch Time: 130.2786 sec
Train Epoch GPU memory used: 2813.1983 MB
Train loss:0.5439
Val loss:0.6628
Epoch 14/30
Train Epoch Time: 132.5817 sec
Train Epoch GPU memory used: 2813.1983 MB
Train loss:0.5107
Val loss:0.3224
Epoch 15/30
Train Epoch Time: 134.1104 sec
Train Epoch GPU memory used: 2813.1983 MB
Train loss:0.4726
Val loss:0.6353
Epoch 16/30
Train Epoch Time: 134.6404 sec
Train Epoch GPU memory used: 2813.1983 MB
Train loss:0.4426
Val loss:0.6963
Epoch 17/30
Train Epoch Time: 134.5496 sec
Train Epoch GPU memory used: 2813.1983 MB
Train loss:0.4210
Val loss:0.4102
Epoch 18/30
Train Epoch Time: 136.1839 sec
Train Epoch GPU memory used: 2813.1983 MB
Train loss:0.3879
Val loss:0.8906
Epoch 19/30
Train Epoch Time: 134.5598 sec
Train Epoch GPU memory used: 2813.1983 MB
Train loss:0.3900
Val loss:0.5511
Epoch 20/30
Train Epoch Time: 134.4920 sec
Train Epoch GPU memory used: 2813.1983 MB
Train loss:0.3468
Val loss:0.5295
Epoch 21/30
Train Epoch Time: 135.3680 sec
Train Epoch GPU memory used: 2813.1983 MB
Train loss:0.3379
Val loss:0.1480
Epoch 22/30
Train Epoch Time: 135.3207 sec
Train Epoch GPU memory used: 2813.1983 MB
Train loss:0.3043
Val loss:0.1758
Epoch 23/30
Train Epoch Time: 134.9693 sec
Train Epoch GPU memory used: 2813.1983 MB
Train loss:0.2764
Val loss:0.5718
Epoch 24/30
Train Epoch Time: 134.4660 sec
Train Epoch GPU memory used: 2813.1983 MB
Train loss:0.2635
Val loss:0.4860
Epoch 25/30
Train Epoch Time: 134.9945 sec
Train Epoch GPU memory used: 2813.1983 MB
Train loss:0.2687
Val loss:0.2909
Epoch 26/30
Train Epoch Time: 143.9975 sec
Train Epoch GPU memory used: 2813.1983 MB
Train loss:0.2534
Val loss:0.4477
Epoch 27/30
Train Epoch Time: 134.4877 sec
Train Epoch GPU memory used: 2813.1983 MB
Train loss:0.2322
Val loss:0.2319
Epoch 28/30
Train Epoch Time: 134.9309 sec
Train Epoch GPU memory used: 2813.1983 MB
Train loss:0.2211
Val loss:0.1680
Epoch 29/30
Train Epoch Time: 135.3518 sec
Train Epoch GPU memory used: 2813.1983 MB
Train loss:0.2412
Val loss:0.2129
Epoch 30/30
Train Epoch Time: 134.8347 sec
Train Epoch GPU memory used: 2813.1983 MB
Train loss:0.2044
Val loss:0.2953
Accuracy on the test set: 72.011%
Loss on the test set: 132.62%
